642.4500000000002
642.4500000000002
642.4500000000002
642.4500000000002
642.4500000000002
573.6200000000003
573.6200000000003
573.6200000000003
573.6200000000003
573.6200000000003
573.6200000000003
573.6200000000003
573.6200000000003
573.6200000000003
573.6200000000003
573.6200000000003
573.6200000000003
573.6200000000003
573.6200000000003
573.6200000000003
573.6200000000003
573.6200000000003
573.6200000000003
573.6200000000003
573.6200000000003
573.6200000000003
573.6200000000003
573.6200000000003
573.6200000000003
573.6200000000003
573.6200000000003
573.6200000000003
573.6200000000003
573.6200000000003
573.6200000000003
573.6200000000003
573.6200000000003
573.6200000000003
573.6200000000003
573.6200000000003
573.6200000000003
573.6200000000003
573.6200000000003
573.6200000000003
573.6200000000003
573.6200000000003
573.6200000000003
573.6200000000003
573.6200000000003
573.6200000000003
573.6200000000003
573.6200000000003
573.6200000000003
573.6200000000003
573.6200000000003
573.6200000000003
573.6200000000003
573.6200000000003
573.6200000000003
573.6200000000003
573.6200000000003
573.6200000000003
573.6200000000003
573.6200000000003
573.6200000000003
573.6200000000003
573.6200000000003
573.6200000000003
573.6200000000003
573.6200000000003
573.6200000000003
573.6200000000003
573.6200000000003
573.6200000000003
573.6200000000003
573.6200000000003
573.6200000000003
573.6200000000003
573.6200000000003
573.6200000000003
573.6200000000003
573.6200000000003
573.6200000000003
573.6200000000003
573.6200000000003
573.6200000000003
573.6200000000003
573.6200000000003
573.6200000000003
573.6200000000003
573.6200000000003
573.6200000000003
573.6200000000003
573.6200000000003
573.6200000000003
573.6200000000003
573.6200000000003
573.6200000000003
573.6200000000003
573.6200000000003
