2918.3000000000006
2918.3000000000006
2918.3000000000006
2918.3000000000006
2918.3000000000006
2918.3000000000006
2918.3000000000006
2918.3000000000006
2918.3000000000006
2918.3000000000006
2918.3000000000006
2918.3000000000006
2918.3000000000006
2918.3000000000006
2918.3000000000006
2918.3000000000006
2918.3000000000006
2918.3000000000006
2918.3000000000006
2847.4800000000014
2847.4800000000014
2847.4800000000014
2847.4800000000014
2847.4800000000014
2847.4800000000014
2847.4800000000014
2847.4800000000014
2847.4800000000014
2847.4800000000014
2847.4800000000014
2847.4800000000014
2847.4800000000014
2847.4800000000014
2847.4800000000014
2847.4800000000014
2847.4800000000014
2847.4800000000014
2847.4800000000014
2847.4800000000014
2847.4800000000014
2847.4800000000014
2847.4800000000014
2847.4800000000014
2847.4800000000014
2847.4800000000014
2847.4800000000014
2847.4800000000014
2847.4800000000014
2847.4800000000014
2847.4800000000014
2847.4800000000014
2847.4800000000014
2847.4800000000014
2847.4800000000014
2847.4800000000014
2847.4800000000014
2847.4800000000014
2847.4800000000014
2847.4800000000014
2847.4800000000014
2847.4800000000014
2847.4800000000014
2847.4800000000014
2847.4800000000014
2847.4800000000014
2847.4800000000014
2847.4800000000014
2847.4800000000014
2847.4800000000014
2847.4800000000014
2847.4800000000014
2847.4800000000014
2847.4800000000014
2847.4800000000014
2847.4800000000014
2847.4800000000014
2847.4800000000014
2847.4800000000014
2847.4800000000014
2847.4800000000014
2847.4800000000014
2847.4800000000014
2847.4800000000014
2847.4800000000014
2847.4800000000014
2824.4999999999995
2824.4999999999995
2824.4999999999995
2824.4999999999995
2824.4999999999995
2824.4999999999995
2824.4999999999995
2824.4999999999995
2824.4999999999995
2824.4999999999995
2824.4999999999995
2824.4999999999995
2824.4999999999995
2824.4999999999995
2824.4999999999995
